<?xml version="1.0" encoding="UTF-8"?>
<!-- Generated by org.testng.reporters.JUnitReportReporter -->
<testsuite hostname="dell-PC" name="package1.NewTest" tests="1" failures="0" timestamp="11 Jun 2016 09:10:32 GMT" time="7.207" errors="0">
  <testcase name="openBrowser" time="7.207" classname="package1.NewTest"/>
</testsuite> <!-- package1.NewTest -->
