<?xml version="1.0" encoding="UTF-8"?>
<!-- Generated by org.testng.reporters.JUnitReportReporter -->
<testsuite hostname="dell-PC" name="flipKart.LoginFlip" tests="2" failures="0" timestamp="18 Apr 2016 09:03:19 GMT" time="13.889" errors="0">
  <testcase name="login" time="11.035" classname="flipKart.LoginFlip"/>
  <testcase name="login" time="2.854" classname="flipKart.LoginFlip"/>
</testsuite> <!-- flipKart.LoginFlip -->
