<?xml version="1.0" encoding="UTF-8"?>
<!-- Generated by org.testng.reporters.JUnitReportReporter -->
<testsuite hostname="dell-PC" name="flipKart.LoginFlip" tests="2" failures="0" timestamp="4 Jun 2016 06:45:09 GMT" time="13.078" errors="0">
  <testcase name="login" time="3.276" classname="flipKart.LoginFlip"/>
  <testcase name="login" time="9.802" classname="flipKart.LoginFlip"/>
</testsuite> <!-- flipKart.LoginFlip -->
