<?xml version="1.0" encoding="UTF-8"?>
<!-- Generated by org.testng.reporters.JUnitReportReporter -->
<testsuite hostname="dell-PC" name="guru99banking.BankLoginPOM" tests="1" failures="0" timestamp="26 Mar 2016 14:33:57 GMT" time="19.945" errors="0">
  <testcase name="testLogin" time="19.945" classname="guru99banking.BankLoginPOM"/>
</testsuite> <!-- guru99banking.BankLoginPOM -->
